<?xml version="1.0" encoding="UTF-8"?>
<robot generator="Robot 4.1.3 (Python 3.10.2 on win32)" generated="20220315 21:42:14.854" rpa="false" schemaversion="2">
<suite id="s1" name="Exercicios" source="C:\Users\denis\Desktop\Prime Control\CursoRobotPHA\exercicios.robot">
<test id="s1-t1" name="Imprimindo no console as informações da PESSOA">
<kw name="Log To Console" library="BuiltIn">
<arg>${PESSOA.nome}</arg>
<doc>Logs the given message to the console.</doc>
<status status="PASS" starttime="20220315 21:42:14.937" endtime="20220315 21:42:14.941"/>
</kw>
<status status="PASS" starttime="20220315 21:42:14.936" endtime="20220315 21:42:14.942"/>
</test>
<doc>Aqui estarão presentes todos os exercícios da aula de automação.
Então não se sinta perdido pois aqui a gente descreve o que tá fazendo.</doc>
<status status="PASS" starttime="20220315 21:42:14.854" endtime="20220315 21:42:14.945"/>
</suite>
<statistics>
<total>
<stat pass="1" fail="0" skip="0">All Tests</stat>
</total>
<tag>
</tag>
<suite>
<stat pass="1" fail="0" skip="0" id="s1" name="Exercicios">Exercicios</stat>
</suite>
</statistics>
<errors>
</errors>
</robot>
